https://playone.com.lb/toys/figures-and-collectibles/action-sets/?srsltid=AfmBOorARMFV01nng5wDSQFEzXYBVAJPnkdJ4RI1qDZaqixx-78xBeTd
https://playone.com.lb/brands/disney/cat-mario-action-figure-with-super-bell-10cm/?srsltid=AfmBOoquOsr_uRVQeTq-_hN1wAAr_noYoGBJrcc2SWs_5PW0mTj7Qhl-
https://icc.com.lb/?k=89022037051830&mod=43c65662&uri=info.php%3Fid%3D2979000-55%26name%3Dwrestling+action+wwe+festival+of+friendship+action+figures
https://decathlon.com.lb/products/dual-action-ball-pump-pressure-gauge-with-hose?srsltid=AfmBOopThkKci2qx7CtYOvg5x0rN4NTXp8-HP2LvrfOANHTIoEULVCeg
https://playone.com.lb/brands/transformers/transformers-rise-of-the-beasts-movie-beast-mode-bumblebee-action-figure-ages-6-and-up-10-inch-action-figure/?srsltid=AfmBOoqNpmohvJJlLFvlwgL88YE8e9sBbKbxB708k7jqolBkmuc3lCvy
https://beytech.com.lb/product/matchbox-mtmbgvy83-action-drivers-helicopter-rescue-playset/?srsltid=AfmBOopoJodmNsxYdvW6rZFOTafgDcujrKeyvvfstHyMsM1YZCL2KDmB
https://erml.moe.gov.lb/CustomPage.aspx?id=23&menuId=23&title=Take-Action-Paragraph
https://playone.com.lb/brands/batman/batman-battle-armor-action-figure-15cm/?srsltid=AfmBOor9jkOQ44V1hzFFIcKyCfO5IibOKdBsgX_fC9L6Xf7b3AZm_e78
https://playone.com.lb/brands/vtech/kidizoom-action-cam-180-purple/?srsltid=AfmBOop0-KGi4c605Adad-1oQR1iSzqqNT662DEU_M5176Ok-hYD5C-V
https://playone.com.lb/brands/batman/dc-comics-batman-harley-quinn-action-figure-30-cm/?srsltid=AfmBOoqq-pV9rjmclGHbxPMH7RvF8ZfqfmcXh5kpPrrNvFGSOPW5sI_2
https://playone.com.lb/brands/fisher-price/stacking-action-blocks-en/?srsltid=AfmBOooPIg1cJqxY82cfBQAWwpE0g3rGu1MzMxFJ5Y4cCXT1hPquBeDZ
https://playone.com.lb/brands/red-fox/cows-in-action-7-the-pirate-mootiny/?srsltid=AfmBOorznejTRtIameo6HRTICbecfK7qLhj3oICiDXtImY0bABhQ_NYy
https://beytech.com.lb/product/action-can-32769-ac-90-lubricant-oil-425ml/?srsltid=AfmBOoowIZQ41up9Wd3AGuW4rgk8izRk4hbKxXSBjjzu7ot_tRqXXpql
https://ir.ndu.edu.lb:8443/xmlui/handle/123456789/241/browse?type=subject&value=Action+research+in+education
https://www.ubuy.com.lb/en/category/electronics/camera-photo/sports-action-video-cameras-2680377051?srsltid=AfmBOopyDicqWoUrKOvj2x9QjkA56bYDP2XOWf5QIgrQsI8HKQj1Onno
https://amer.com.lb/collections/all?page=2
https://pu.edu.lb/taxonomy/term/15?page=16
https://sic.gov.lb/trainings-and-events/9?page=3
https://www.hdf.usj.edu.lb/en/system/403?field_date_value=All&id=&page=6&title=
https://decathlon.com.lb/collections/combat-clothing?page=2&srsltid=AfmBOor6ixt153Aw-pDCn9xAT2_SBahBjKkGE6D6Jcklwa5W7e-MmRrX
https://playone.com.lb/brands/mustard/cat-in-a-book-page-markers/?srsltid=AfmBOoqg85PqCHRD_5is2vozRhcELofBz701dT3labkLhHXXIBRixBlD
https://www.sjs.edu.lb/SchoolInfoView.aspx?Category=677&Title=Home+Page
https://beytech.com.lb/product-category/sale/fathers-day-offers/page/5/?fbclid=PAZXh0bgNhZW0CMTEAAacX-QWXmhMTUJY_PkiAjT78vBOJ4MP5MO1i3gEin7kZL5JvgRXtjzQx9n7T6Q_aem_82lWV4eEZwmxGIctQzJoUA&srsltid=AfmBOoqCdspnx3maCZYwBFa4kKGhIL5AtgcxFl8cld1LAVeT17f_RLfH
https://jacadi.com.lb/shop/page/96/?srsltid=AfmBOorN0HctAOKNcfVqfNkkYB8vE7qlOPEvxyuFODkjBHK-xvvSgi4A
https://www.pharmacol.com.lb/product-tag/deprag/page/2/?add-to-cart=4645&wmc-currency=EUR&shop_view=list_view
https://playone.com.lb/brands/mustard/rainbow-page-markers/?srsltid=AfmBOopHuIK4peQLcaHkUIMKr7be0K0OH0cgDx2FYPM9Mh2-hqHrdIQ-
https://www.pharmacol.com.lb/our-products/page/13/?shop_view=list_view&wmc-currency=EUR
https://jacadi.com.lb/categorie-produit/ah24/page/33/?srsltid=AfmBOop7Bjva0_YMuIMmfyIY-lWN-VwO5LgoyaDQK9xI0dPwk2eES4Dj
https://jacadi.com.lb/categorie-produit/24h-p05-essentiels-1-lg/page/2/?srsltid=AfmBOoqN6SQTAb-lDy0a_u140sag-tZeARjPcUr2EgqVKPvxB8ku7kFa
https://www.uls.edu.lb/events/list/page/2/?tribe-bar-date=2025-07-28&eventDisplay=past
https://mokhtar-fund.gov.lb/en/page/2/?post_type=diary
https://www.pharmacol.com.lb/product-tag/dentsply-sirona/page/3/?shop_view=grid_view&wmc-currency=EUR
https://shop.gantrouge.com.lb/collections/plate?page=4
https://dhc.com.lb/shop/page/2/?product_view=list
https://sic.gov.lb/en/publications/12?page=14
https://cf.com.lb/collections/eye-make-up?page=7&srsltid=AfmBOooYWBkEAazjeTjGC7LXIM6TwY-LaMxHbgxKfKoCImAfmgLOJmH7
https://playone.com.lb/collection/limited-offers/page-22/?at1=C310C310A26826C26C311A311A310E3112310E310631310&at2=7973&at3=EA4B8861D4CB404220C9D6B55FA95680&at4=ew7kPOEoQVI2se59VFJKaRbET6hrqq0k&at5=821008&at6=F4D81123BC2346CB86F999E31B56D241%C2%A4cy%3DUSD&v=2&items_per_page=64&sort_by=product&sort_order=desc&srsltid=AfmBOooc7AwqYrrw3FOh8Wufvmezu0VPpqmMscqfITC7QaVKF-u8mwDp
https://www.pharmacol.com.lb/product-category/restorative/page/2/?wmc-currency=EUR&shop_view=list_view
https://pandorashop.com.lb/collections/charm-bracelet?page=3
https://lacoste.com.lb/collections/kids-fw24-sale-lebanon?page=2&srsltid=AfmBOopVb85tcUXJAJeSC4dpa0pmlVdb638WMyRhCxHlVWz-w_EY8UaW
https://itihad.com.lb/product_brand/stationery-bags-arts/page/114/?add-to-cart=30755
https://pandorashop.com.lb/collections/charms?page=5
https://decathlon.com.lb/collections/exercise?page=8&srsltid=AfmBOoqIix0NUWRQG205KMIhczCAy7J3ixqs74roUkkIEO43xjbAf1aw
https://www.crocs.com.lb/collections/shop-all-sale?page=2
https://www.ubuy.com.lb/en/product/I5PYKBSZC-pid-temperature-controller-box-intelligent-phase-380v-boxed-15kw-temperature-controllers?srsltid=AfmBOorSAWP6KYMhGqyV-xk5qWm211FGVELyK13tEXLSawQbxrkVZmqI
https://linked.aub.edu.lb/apps/socialtab/moodlePlus.php?learn=%20Database%20Marketing&name=Tina%20Arnaout&course=Course:%20INFO200&Pid=9000&Cid=3273
https://www.ubuy.com.lb/en/product/2OJ7016K-pid-controllers-theory-design-and-tuning-2-sub-edition?srsltid=AfmBOorvKg1d1jQIdI9zBh1pnD59t_tbkGbJKXZEjP2SHLrjlWHQq0d2
https://www.ubuy.com.lb/en/product/T1R6F9S-willhi-digital-pid-temperature-controller-build-in-outlet-110v-5a-over-current-protection-thermostat?srsltid=AfmBOooc0kL5PoZo6NpaLYeldJVvl7G1bdweCJBBTAo91BVvfbczFXSH
https://www.ubuy.com.lb/en/product/4WUMT7UQ0-thermal-login-press-plate-heavy-duty-double-pid-controller-enail-heated-aluminum-plate-6061-electric-temperature-controller-box-us-plug?srsltid=AfmBOorpBIGjE5rU0zkWJvuzA-dYSCm-G60T4gvty7_3LcsOXGxrRYQR
https://www.ubuy.com.lb/en/product/SK50Z9ZA-dual-digital-pid-temperature-controller-rtd-pt100-sensor-probe-oven-0-1-display-built-in-relay-outpu?srsltid=AfmBOopoAT-tW82YjU42rI1HydNArSN5qr2O9OWzvgPvWn3ogq7CULnU
https://www.ubuy.com.lb/en/search/pid-temperature-controller-kit-high-voltage-100acv-to-240acv-digital-display-universal-thermostat-with-ssr-solid-state-relay-support-k-j-e-n-thermocouple-72-x-72mm?srsltid=AfmBOoo7Y0kPaQVHA4IGU46Aaf26AgXsv_MyF3ALjmeO0LiXF3CfcTcL
https://scholarworks.aub.edu.lb/xmlui/search-filter?rpp=10&filtertype_0=subject&filtertype_1=subject&filtertype_2=subject&filter_relational_operator_1=equals&filtertype_3=subject&filter_relational_operator_0=equals&filtertype_4=subject&filter_2=Adaptive+pid+controller&filter_relational_operator_3=equals&filtertype_5=author&filter_1=Model+predictive+control&filter_relational_operator_2=equals&filtertype_6=author&filter_0=Natural+ventilation&filter_relational_operator_5=equals&filter_relational_operator_4=equals&filter_6=Ghali%2C+Kamel+Abou&filter_5=Itani%2C+Mariam&filter_relational_operator_6=equals&filter_4=Thermal+comfort&filter_3=Indoor+temperature&field=subject&filterorder=COUNT
https://scholarworks.aub.edu.lb/xmlui/discover?filtertype_0=subject&filtertype_1=subject&filtertype_2=subject&filter_relational_operator_1=equals&filtertype_3=subject&filter_relational_operator_0=equals&filtertype_4=subject&filter_2=Adaptive+pid+controller&filter_relational_operator_3=equals&filtertype_5=author&filter_1=Model+predictive+control&filter_relational_operator_2=equals&filtertype_6=author&filter_0=Adaptive+controllers&filter_relational_operator_5=equals&filter_relational_operator_4=equals&filter_6=Ghali%2C+Kamel+Abou&filter_5=Itani%2C+Mariam&filter_relational_operator_6=equals&filter_4=Thermal+comfort&filter_3=Indoor+temperature&filtertype=author&filter_relational_operator=equals&filter=Ghaddar%2C+Dalia
https://www.bankmed.com.lb/content/consumer/product-detail.aspx?subsid=41&pid=82
http://www.tra.gov.lb/SubPage.aspx?pageid=107&PID=112&FPID=5
https://www.albayanschools.edu.lb/page/?title=Announcements&pid=107
http://www.edl.gov.lb/page.php?pid=37&lang=en
https://icas.com.lb/?t=2855611001860&mod=d6140c51&uri=shop.php%3Fid%3D95548-489%26name%3Dconnect+rancilio+silvia+pid
https://www.ubuy.com.lb/en/product/2NCOUUVS-analog-dial-pid-temperature-controller-tam-b4sp4c-ssr-drive-out-dpt100-0-400-c?srsltid=AfmBOoqUVhNSkjec8lLBlHZWqdEo6SeOX9rQSyo3Og70IkckAn6O3E2-
http://www.bse.com.lb/LinkClick.aspx?link=https://www.hockeydb.com/ihdb/stats/pdisplay.php?pid=161685/
https://s1.aust.edu.lb/StdServices/Petitions/Documents/Details.aspx?pid=phAejjZt4Y98pA448OVM8Q%3D%3D&campus=MsYgVVc8AnYbaQUYauIQcw%3D%3D&company=M%2BbZlKqbLfcq5K45xEpd6g%3D%3D&ptype=3bcPoUKknzW3TqaeaDTbgA%3D%3D&loginuser=m59qnSjUI3r61WZFxO%2F8yQ%3D%3D&userrole=LXn51KQU4r%2BMZJZfdRG%2Bpg%3D%3D
http://www.obc.com.lb/productsdetails.aspx?pid=958&cid=1&scid=167
https://intra.com.lb/blog-details.php?pid=13
https://stg.kikocosmetics.com.lb/en/intense-care-oil-pen/90_KM0040201744.html?pid=90_KM0040201744
https://ogero.gov.lb/bids.php?id=1&pid=6
https://www.prog.com.lb/Forms/AppProduct.aspx?pid=37
https://www.albayanschools.edu.lb/page/?pid=38
https://blue.ndu.edu.lb/Blue/fp.aspx?lang=eng&pid=78f20a49-88d2-4b44-aaae-c4041c93c846&SubjectID=56cdf316e7881b7971774fa5ac11395e&GroupID=ff014750-703d-4155-9d4f-f5466270fd8e&regl=en-us&foId=ecdc1b3b-cd29-4e16-92ee-3cc91443a93f
https://www.ubuy.com.lb/en/product/NFU21NF2W-versatile-pid-enhanced-controller-kits-replacement-for-pit-boss-traeger-z-grills-and-asmoke-grills-and-smokers-models-come-with-1-hot-rod?srsltid=AfmBOop5hE-gZjK-oZ6Uo49ioA_gYxwPljYKXFyrcDHrercm4zYUog8-
https://www.kikocosmetics.com.lb/ar/%D9%85%D8%A8%D8%B1%D8%A7%D8%A9-%D9%85%D8%B2%D8%AF%D9%88%D8%AC%D8%A9/90_KM0050602744-9001_000.html?pid=90_KM0050602744-9001_000
http://www.edl.gov.lb/page.php?pid=47
http://www.mouvementsocial.org.lb/en/Sub.aspx?ID=728&PID=35
https://sawtalhoda.com.lb/parchive.php?pid=423
https://www.olx.com.lb/hobbies-music-art-books/?invite=fb_10025&pid=Social%2BFacebook&c=fb-listing-lb-ar-web-0-stars3-acq-social&page=108
https://prog.com.lb/Forms/AppProduct.aspx?pid=17
http://www.presidency.gov.lb/m/arabic/pages/newsdetails.aspx?nid=27274&pid=5
https://mail.assirat.com.lb/pdetails.php?pid=96&eid=7580&wid=568
https://www.adidas.com.lb/on/demandware.store/Sites-Adidas_LBN-Site/en/Product-SizeChart?cid=womens-footwear&pid=A7_ID2704_ONE
https://www.ogero.gov.lb/ar/bids.php?id=1&pid=6
https://www.olx.com.lb/fashion-beauty/tyre/?invite=fb_10020&pid=Social+Facebook&c=fb-listing-lb-ar-web-0-hilda-acq-social&page=2
http://www.abi.org.lb/productlist.aspx?PID=40&SID=37
http://obc.com.lb/productsdetails.aspx?pid=23&cid=1&scid=167&category=Valentine%20s%20Day&product=Metal%20Lighter%2011%20Titanium
http://abi.org.lb/productlist.aspx?PID=28&SID=35
https://gisportal.ewsp.gov.lb/portal/home/search.html?restrict=false&sortField=relevance&sortOrder=desc&searchTerm=tags%3A%22podzia%C5%82ka+liniowa%22
https://fedco.com.lb/wp-includes/rest-api/search/?MD
https://icilgis.aub.edu.lb/arcgis/home/search.html?t=content&q=tags:%22minimized%22
http://www.balamand.edu.lb/searchsite/_vti_bin/search.asmx?WSDL
https://carters.com.lb/pages/search-results?srsltid=AfmBOoryZ3UbD-oUD4HArXJ0hzXP1dA3rwvT7SmifbNzGS8RhaySZkNf
https://www.iptgroup.com.lb/ipt/en/energy-library/search?keyword=the%20conversation
https://nataalam.institutdesfinances.gov.lb/search/?f%5B0%5D=content_type%3Adata
https://ua.edu.lb/en/events/search-an-event?pagenum=14
https://www.ndu.edu.lb/english/search?keyword=scholarship
https://www.usj.edu.lb/conflit2024/archive.php?id=99&f=18&cat=280
https://www.ogero.gov.lb/ar/article.php?id=35
https://alemdad.org.lb/article.php?id=264&cid=134
https://naimkassem.com.lb/article.php?id=771&cid=123
https://www.alahednews.com.lb/article.php?id=10772&cid=113
https://usj.edu.lb/blog/inst/article.php?id=238
https://www.ogero.gov.lb/article.php?id=90
https://ibrahim-alsayed.org.lb/article.php?id=4520&cid=274&catidval=0
https://archive.almanar.com.lb/english/article.php?id=6713
https://ebdaa.org.lb/article.php?id=75&cid=71
https://www.urbandictionary.com/define.php?term=fewf
https://www.amazon.com/Kindle-eBooks-fewf-Store/s?rh=n%3A154606011%2Cp_27%3Afewf
https://books.almaaref.org.lb/book.php?id=2460
https://alkhanadeq.org.lb/category.php?id=414
https://naim.com.lb/category.php?id=7126&page=2
https://alkhanadeq.org.lb/category.php?id=469&page=26
https://irtvu.org.lb/category.php?id=62
http://www.ccj.edu.lb/club/content.php?id=50
http://libguides.lau.edu.lb/content.php?pid=663486&sid=5546416
https://bplus.com.lb/blog-detail.php?id=38
https://bplus.com.lb/Careers-Detail.php?id=17
https://www.hopital-alkoura.com.lb/dep-detail.php?id=9
https://www.usj.edu.lb/esib/cimti/lib/exe/detail.php?id=sidebar&media=wiki:logo.png
https://autodiscover.lamc.org.lb/library-detail.php?id=381&type=2
https://www.usj.edu.lb/news.php?id=11711
http://theology.balamand.edu.lb/index.php/141-academics/programs-of-study/faculty/faculty-cv?format=feed&type=rss
https://ral.org.lb/index.php?option=com_content&task=view&...
http://theology.balamand.edu.lb/index.php/faculty/faculty-cv/141-academics/programs-of-study/faculty/faculty-cv?format=feed&type=rss
https://www.aub.edu.lb/pages/profile.aspx?memberId=rn03
https://gisportal.ewsp.gov.lb/portal/home/item.html?id=b619c20963af4b4aae2c33753871698d
https://maps.moph.gov.lb/portal/home/item.html?id=3d1d58d05c8e40df9293833c548e3c13
https://icilgis.aub.edu.lb/arcgis/home/item.html?id=6e4c0e30817d48598125472712848503
https://sisweb.balamand.edu.lb/pls/apex/f?p=100:101
https://www.aub.edu.lb/Pages/profile.aspx?memberid=rn03
https://learninghub.meu.edu.lb/mod/forum/index.php?id=1
https://lms.sgub.edu.lb/mod/forum/index.php?id=1&lang=en
https://giz.vte.gov.lb/enrol/index.php?id=160&lang=fr
https://www.nwn-impact.org.mubs.edu.lb/index.php?id=66
https://moodle.ut.edu.lb/moodle/mod/book/tool/print/index.php?id=7425&chapterid=15
https://moodle.alba.edu.lb/mod/forum/index.php?id=1
https://www.icc.com.lb/index.php?id=922465-141&name=floraltullstacover/vintagegame.html
https://archive.jinan.edu.lb/main/index.php?id=bamissionar
https://www.almouhafaza.com.lb/index.php?id=1
https://online.usj.edu.lb/enrol/index.php?id=57&lang=ar
https://online.usj.edu.lb/enrol/index.php?id=11
http://montlasalle.edu.lb/index.php?id=91:hommage-a-l-armee-libanaise&catid=11:actualites
https://moodle.alba.edu.lb/mod/forum/index.php?id=1&lang=fr
http://afkar.omsar.gov.lb/index.php?page=activities&lan=1
http://www.civildefense.gov.lb/index.php?page=cdcre
https://net360.net.lb/index.php?page=services
http://afkar.omsar.gov.lb/index.php?page=projects&catId=5&status=0&sector=&under=&target=%2B%2B68%2B%2B&pagi=3&lan=1
http://www.ndj.edu.lb/taxonomy/term/62/index.php?page=4
http://www.firstpharma.com.lb/firstpharma/web/index.php?page=newsdetails&detail=9
http://www.ndj.edu.lb/taxonomy/term/39/index.php?page=1
https://csglau.lau.edu.lb/illdds/index.php?url=embargo-request
https://scholarworks.aub.edu.lb/bitstream/handle/10938/33619/2022-1462.pdf?sequence=1&isAllowed=y
https://www.ubuy.com.lb/en/product/8DYW00FA8-16-inch-apple-macbook-pro-m2-max-12-core-cpu-38-core-gpu-96gb-ram-8tb-ssd-new?srsltid=AfmBOoqs7oQJIK86XnKux2cwjsVdmHvoozfRasNva21wkf_aFTqPhCCH
http://www.cas.gov.lb/index.php?option=com_content&view=article&id=100&Itemid=2
https://www.ubuy.com.lb/en/product/H7K8VG2-yves-rocher-comme-une-evidence-le-parfum-women-30-ml-08584-rare-gift-idea?srsltid=AfmBOorDtEiOgLZh4en8hmdt4Knb3h43cGCkkxNhNhigK1da7VWHWotG
https://liu.edu.lb/publicAffairs/view_page_content.php?page_name=Q29tbXVuaXR5IEd1aWRsaW5lcw==&template_id=Mg==
https://scholarworks.aub.edu.lb/bitstream/handle/10938/33675/2019-7686.pdf?sequence=1&isAllowed=y
https://ebml.gov.lb/news.php?id=1&lang=en
https://sagessehs.edu.lb/news.php?id=14
https://www.sagessehs.edu.lb/news.php?id=4
https://www.deal.com.lb/news.php?id=667
https://playmed.com.lb/inner-news.php?id=2
https://playone.com.lb/brands/david-and-goliath/d-and-g-im-cooler-boat-neck-maniac-hachi-pouch-pocket/?srsltid=AfmBOopamjCSuENfuNt2NHqmqHuU7RaT8S5-Vi2KQQPJxFjGVQCwQUxN
https://foe.aust.edu.lb/templates/download.php?id=13&token=f8dc663a9dda9053ae7b588b9058b0c0&download
https://sawtalhoda.com.lb/pages.php?id=5
https://www.assirat.com.lb/pages.php?id=5
https://www.sawtalhoda.com.lb/pages.php?id=7
https://bp.sscc.edu.lb/pages.php?id=24
http://www.lit.edu.lb/print.php?id=566&path=www.lit.edu.lb/site.php?id=566
http://montlasalle.edu.lb/plogger/plog-print.php?id=10
https://northeast.aaa.com/insurance.html?cmpid=int_pd_googl_mxx-eg-acq-insrnc-stlnk
https://northeast.aaa.com/membership/join/?cmpid=int_pd_googl_mxx-eg-acq-typs-stlnk
https://northeast.aaa.com/membership.html?cmpid=int_pd_googl_mxx-eg-acq-ovrvw-stlnk
https://northeast.aaa.com/membership/other/new-member-benefits.html?cmpid=int_pd_googl_mxx-eg-mem-ben-ad-ext
https://www.bplus.com.lb/single-product.php?id=47
https://playmed.com.lb/product.php?id=247
https://www.iccgroup.com.lb/?v=70958375051530&mod=a160a01c&uri=products.php%3Fid%3D2374474-64%26name%3Dss+techno+nfl+captain+badge
http://www.esco.com.lb/product_info.php?products_id=25
https://macrotronics.com.lb/product_info.php?products_id=17290
https://globalfoods.com.lb/products.php?p=1&category=15
https://globalfoods.com.lb/products.php?p=1&brand=4
https://www.gotprint.com/products/business-cards/order?size=101&orientation=1&paper=1&color=1&quantity=50&turnaround=1&proofType=31&fileDelivery=5&coating=5
https://www.ubuy.com.lb/en/product/2F7CW3SO-o-039-neal-orbiter-ii-cycling-helmet-fidlock-freeride-fr-all-mountain-mtb-mountain-bike-show-origina?srsltid=AfmBOopCHhz5dyZktKgbrYqacCT0z8x0noYqObWd25NCYpx8pBJ1ZuYW
https://www.ubuy.com.lb/fr/product/8M0XN6LIS-new-listing-morinaga-follow-up-milk-chill-mill-eco-raku-pack-first-set-800g-400g-x-2-ba-285?srsltid=AfmBOoo_jIAO82MAES_cw6Olx1WMGnEhBl00V8j8kPl3FpKJsOJvolsv
https://learninghub.meu.edu.lb/mod/url/view.php?id=4
https://moodle.usal.edu.lb/lms/mod/url/view.php?id=18345&lang=en
https://giz.vte.gov.lb/mod/url/view.php?id=7351&lang=fr
https://giz.vte.gov.lb/mod/url/view.php?id=7347
https://scholarworks.aub.edu.lb/bitstream/handle/10938/33611/2022-1379.pdf?sequence=1&isAllowed=y
https://scholarworks.aub.edu.lb/bitstream/handle/10938/30191/2021-2253.pdf?sequence=1&isAllowed=y
https://edms.lau.edu.lb/Forms/e6IFO26?LF=020000009DB5338FD004FB6D4B814FAB8ECF1521A344295A7DB985045BE3A4B88970AA4E
https://laur.lau.edu.lb:8443/xmlui/handle/10725/11856?show=full
